2024-12-19T19:22:25.310+03:00  INFO 19840 --- [coursework] [main] c.e.coursework.CourseworkApplication     : Starting CourseworkApplication using Java 21.0.2 with PID 19840 (C:\Users\gaval\IdeaProjects\coursework\coursework\build\classes\java\main started by gaval in C:\Users\gaval\IdeaProjects\coursework\coursework)
2024-12-19T19:22:25.321+03:00  INFO 19840 --- [coursework] [main] c.e.coursework.CourseworkApplication     : No active profile set, falling back to 1 default profile: "default"
2024-12-19T19:22:26.237+03:00  INFO 19840 --- [coursework] [main] .s.d.r.c.RepositoryConfigurationDelegate : Bootstrapping Spring Data JPA repositories in DEFAULT mode.
2024-12-19T19:22:26.326+03:00  INFO 19840 --- [coursework] [main] .s.d.r.c.RepositoryConfigurationDelegate : Finished Spring Data repository scanning in 76 ms. Found 4 JPA repository interfaces.
2024-12-19T19:22:26.987+03:00  INFO 19840 --- [coursework] [main] o.s.b.w.embedded.tomcat.TomcatWebServer  : Tomcat initialized with port 8080 (http)
2024-12-19T19:22:27.004+03:00  INFO 19840 --- [coursework] [main] o.apache.catalina.core.StandardService   : Starting service [Tomcat]
2024-12-19T19:22:27.005+03:00  INFO 19840 --- [coursework] [main] o.apache.catalina.core.StandardEngine    : Starting Servlet engine: [Apache Tomcat/10.1.33]
2024-12-19T19:22:27.068+03:00  INFO 19840 --- [coursework] [main] o.a.c.c.C.[Tomcat].[localhost].[/]       : Initializing Spring embedded WebApplicationContext
2024-12-19T19:22:27.068+03:00  INFO 19840 --- [coursework] [main] w.s.c.ServletWebServerApplicationContext : Root WebApplicationContext: initialization completed in 1694 ms
2024-12-19T19:22:27.259+03:00  INFO 19840 --- [coursework] [main] o.hibernate.jpa.internal.util.LogHelper  : HHH000204: Processing PersistenceUnitInfo [name: default]
2024-12-19T19:22:27.348+03:00  INFO 19840 --- [coursework] [main] org.hibernate.Version                    : HHH000412: Hibernate ORM core version 6.6.2.Final
2024-12-19T19:22:27.393+03:00  INFO 19840 --- [coursework] [main] o.h.c.internal.RegionFactoryInitiator    : HHH000026: Second-level cache disabled
2024-12-19T19:22:27.507+03:00 DEBUG 19840 --- [coursework] [main] org.hibernate.type.BasicTypeRegistry     : Adding type registration boolean -> org.hibernate.type.BasicTypeReference@310d57b1
2024-12-19T19:22:27.507+03:00 DEBUG 19840 --- [coursework] [main] org.hibernate.type.BasicTypeRegistry     : Adding type registration boolean -> org.hibernate.type.BasicTypeReference@310d57b1
2024-12-19T19:22:27.507+03:00 DEBUG 19840 --- [coursework] [main] org.hibernate.type.BasicTypeRegistry     : Adding type registration java.lang.Boolean -> org.hibernate.type.BasicTypeReference@310d57b1
2024-12-19T19:22:27.507+03:00 DEBUG 19840 --- [coursework] [main] org.hibernate.type.BasicTypeRegistry     : Adding type registration numeric_boolean -> org.hibernate.type.BasicTypeReference@143fefaf
2024-12-19T19:22:27.507+03:00 DEBUG 19840 --- [coursework] [main] org.hibernate.type.BasicTypeRegistry     : Adding type registration org.hibernate.type.NumericBooleanConverter -> org.hibernate.type.BasicTypeReference@143fefaf
2024-12-19T19:22:27.507+03:00 DEBUG 19840 --- [coursework] [main] org.hibernate.type.BasicTypeRegistry     : Adding type registration true_false -> org.hibernate.type.BasicTypeReference@18ffca6c
2024-12-19T19:22:27.507+03:00 DEBUG 19840 --- [coursework] [main] org.hibernate.type.BasicTypeRegistry     : Adding type registration org.hibernate.type.TrueFalseConverter -> org.hibernate.type.BasicTypeReference@18ffca6c
2024-12-19T19:22:27.507+03:00 DEBUG 19840 --- [coursework] [main] org.hibernate.type.BasicTypeRegistry     : Adding type registration yes_no -> org.hibernate.type.BasicTypeReference@46468f0
2024-12-19T19:22:27.507+03:00 DEBUG 19840 --- [coursework] [main] org.hibernate.type.BasicTypeRegistry     : Adding type registration org.hibernate.type.YesNoConverter -> org.hibernate.type.BasicTypeReference@46468f0
2024-12-19T19:22:27.507+03:00 DEBUG 19840 --- [coursework] [main] org.hibernate.type.BasicTypeRegistry     : Adding type registration byte -> org.hibernate.type.BasicTypeReference@5f8f1712
2024-12-19T19:22:27.507+03:00 DEBUG 19840 --- [coursework] [main] org.hibernate.type.BasicTypeRegistry     : Adding type registration byte -> org.hibernate.type.BasicTypeReference@5f8f1712
2024-12-19T19:22:27.508+03:00 DEBUG 19840 --- [coursework] [main] org.hibernate.type.BasicTypeRegistry     : Adding type registration java.lang.Byte -> org.hibernate.type.BasicTypeReference@5f8f1712
2024-12-19T19:22:27.508+03:00 DEBUG 19840 --- [coursework] [main] org.hibernate.type.BasicTypeRegistry     : Adding type registration binary -> org.hibernate.type.BasicTypeReference@34a6d9db
2024-12-19T19:22:27.508+03:00 DEBUG 19840 --- [coursework] [main] org.hibernate.type.BasicTypeRegistry     : Adding type registration byte[] -> org.hibernate.type.BasicTypeReference@34a6d9db
2024-12-19T19:22:27.508+03:00 DEBUG 19840 --- [coursework] [main] org.hibernate.type.BasicTypeRegistry     : Adding type registration [B -> org.hibernate.type.BasicTypeReference@34a6d9db
2024-12-19T19:22:27.509+03:00 DEBUG 19840 --- [coursework] [main] org.hibernate.type.BasicTypeRegistry     : Adding type registration binary_wrapper -> org.hibernate.type.BasicTypeReference@52ecc989
2024-12-19T19:22:27.509+03:00 DEBUG 19840 --- [coursework] [main] org.hibernate.type.BasicTypeRegistry     : Adding type registration wrapper-binary -> org.hibernate.type.BasicTypeReference@52ecc989
2024-12-19T19:22:27.509+03:00 DEBUG 19840 --- [coursework] [main] org.hibernate.type.BasicTypeRegistry     : Adding type registration image -> org.hibernate.type.BasicTypeReference@756808cc
2024-12-19T19:22:27.509+03:00 DEBUG 19840 --- [coursework] [main] org.hibernate.type.BasicTypeRegistry     : Adding type registration blob -> org.hibernate.type.BasicTypeReference@52f8a6f4
2024-12-19T19:22:27.509+03:00 DEBUG 19840 --- [coursework] [main] org.hibernate.type.BasicTypeRegistry     : Adding type registration java.sql.Blob -> org.hibernate.type.BasicTypeReference@52f8a6f4
2024-12-19T19:22:27.509+03:00 DEBUG 19840 --- [coursework] [main] org.hibernate.type.BasicTypeRegistry     : Adding type registration materialized_blob -> org.hibernate.type.BasicTypeReference@5012c571
2024-12-19T19:22:27.509+03:00 DEBUG 19840 --- [coursework] [main] org.hibernate.type.BasicTypeRegistry     : Adding type registration materialized_blob_wrapper -> org.hibernate.type.BasicTypeReference@6486fe7b
2024-12-19T19:22:27.509+03:00 DEBUG 19840 --- [coursework] [main] org.hibernate.type.BasicTypeRegistry     : Adding type registration short -> org.hibernate.type.BasicTypeReference@511da44f
2024-12-19T19:22:27.510+03:00 DEBUG 19840 --- [coursework] [main] org.hibernate.type.BasicTypeRegistry     : Adding type registration short -> org.hibernate.type.BasicTypeReference@511da44f
2024-12-19T19:22:27.510+03:00 DEBUG 19840 --- [coursework] [main] org.hibernate.type.BasicTypeRegistry     : Adding type registration java.lang.Short -> org.hibernate.type.BasicTypeReference@511da44f
2024-12-19T19:22:27.510+03:00 DEBUG 19840 --- [coursework] [main] org.hibernate.type.BasicTypeRegistry     : Adding type registration integer -> org.hibernate.type.BasicTypeReference@4645679e
2024-12-19T19:22:27.510+03:00 DEBUG 19840 --- [coursework] [main] org.hibernate.type.BasicTypeRegistry     : Adding type registration int -> org.hibernate.type.BasicTypeReference@4645679e
2024-12-19T19:22:27.510+03:00 DEBUG 19840 --- [coursework] [main] org.hibernate.type.BasicTypeRegistry     : Adding type registration java.lang.Integer -> org.hibernate.type.BasicTypeReference@4645679e
2024-12-19T19:22:27.510+03:00 DEBUG 19840 --- [coursework] [main] org.hibernate.type.BasicTypeRegistry     : Adding type registration long -> org.hibernate.type.BasicTypeReference@3a0b6a
2024-12-19T19:22:27.510+03:00 DEBUG 19840 --- [coursework] [main] org.hibernate.type.BasicTypeRegistry     : Adding type registration long -> org.hibernate.type.BasicTypeReference@3a0b6a
2024-12-19T19:22:27.510+03:00 DEBUG 19840 --- [coursework] [main] org.hibernate.type.BasicTypeRegistry     : Adding type registration java.lang.Long -> org.hibernate.type.BasicTypeReference@3a0b6a
2024-12-19T19:22:27.510+03:00 DEBUG 19840 --- [coursework] [main] org.hibernate.type.BasicTypeRegistry     : Adding type registration float -> org.hibernate.type.BasicTypeReference@539c4830
2024-12-19T19:22:27.511+03:00 DEBUG 19840 --- [coursework] [main] org.hibernate.type.BasicTypeRegistry     : Adding type registration float -> org.hibernate.type.BasicTypeReference@539c4830
2024-12-19T19:22:27.511+03:00 DEBUG 19840 --- [coursework] [main] org.hibernate.type.BasicTypeRegistry     : Adding type registration java.lang.Float -> org.hibernate.type.BasicTypeReference@539c4830
2024-12-19T19:22:27.511+03:00 DEBUG 19840 --- [coursework] [main] org.hibernate.type.BasicTypeRegistry     : Adding type registration double -> org.hibernate.type.BasicTypeReference@6f1fa1d0
2024-12-19T19:22:27.511+03:00 DEBUG 19840 --- [coursework] [main] org.hibernate.type.BasicTypeRegistry     : Adding type registration double -> org.hibernate.type.BasicTypeReference@6f1fa1d0
2024-12-19T19:22:27.511+03:00 DEBUG 19840 --- [coursework] [main] org.hibernate.type.BasicTypeRegistry     : Adding type registration java.lang.Double -> org.hibernate.type.BasicTypeReference@6f1fa1d0
2024-12-19T19:22:27.511+03:00 DEBUG 19840 --- [coursework] [main] org.hibernate.type.BasicTypeRegistry     : Adding type registration big_integer -> org.hibernate.type.BasicTypeReference@28b523a
2024-12-19T19:22:27.511+03:00 DEBUG 19840 --- [coursework] [main] org.hibernate.type.BasicTypeRegistry     : Adding type registration java.math.BigInteger -> org.hibernate.type.BasicTypeReference@28b523a
2024-12-19T19:22:27.511+03:00 DEBUG 19840 --- [coursework] [main] org.hibernate.type.BasicTypeRegistry     : Adding type registration big_decimal -> org.hibernate.type.BasicTypeReference@52ba685a
2024-12-19T19:22:27.511+03:00 DEBUG 19840 --- [coursework] [main] org.hibernate.type.BasicTypeRegistry     : Adding type registration java.math.BigDecimal -> org.hibernate.type.BasicTypeReference@52ba685a
2024-12-19T19:22:27.511+03:00 DEBUG 19840 --- [coursework] [main] org.hibernate.type.BasicTypeRegistry     : Adding type registration character -> org.hibernate.type.BasicTypeReference@63d677f5
2024-12-19T19:22:27.512+03:00 DEBUG 19840 --- [coursework] [main] org.hibernate.type.BasicTypeRegistry     : Adding type registration char -> org.hibernate.type.BasicTypeReference@63d677f5
2024-12-19T19:22:27.512+03:00 DEBUG 19840 --- [coursework] [main] org.hibernate.type.BasicTypeRegistry     : Adding type registration java.lang.Character -> org.hibernate.type.BasicTypeReference@63d677f5
2024-12-19T19:22:27.512+03:00 DEBUG 19840 --- [coursework] [main] org.hibernate.type.BasicTypeRegistry     : Adding type registration character_nchar -> org.hibernate.type.BasicTypeReference@71d55b7e
2024-12-19T19:22:27.512+03:00 DEBUG 19840 --- [coursework] [main] org.hibernate.type.BasicTypeRegistry     : Adding type registration string -> org.hibernate.type.BasicTypeReference@2997ddfc
2024-12-19T19:22:27.512+03:00 DEBUG 19840 --- [coursework] [main] org.hibernate.type.BasicTypeRegistry     : Adding type registration java.lang.String -> org.hibernate.type.BasicTypeReference@2997ddfc
2024-12-19T19:22:27.512+03:00 DEBUG 19840 --- [coursework] [main] org.hibernate.type.BasicTypeRegistry     : Adding type registration nstring -> org.hibernate.type.BasicTypeReference@28ee882c
2024-12-19T19:22:27.512+03:00 DEBUG 19840 --- [coursework] [main] org.hibernate.type.BasicTypeRegistry     : Adding type registration characters -> org.hibernate.type.BasicTypeReference@78d73b1b
2024-12-19T19:22:27.512+03:00 DEBUG 19840 --- [coursework] [main] org.hibernate.type.BasicTypeRegistry     : Adding type registration char[] -> org.hibernate.type.BasicTypeReference@78d73b1b
2024-12-19T19:22:27.512+03:00 DEBUG 19840 --- [coursework] [main] org.hibernate.type.BasicTypeRegistry     : Adding type registration [C -> org.hibernate.type.BasicTypeReference@78d73b1b
2024-12-19T19:22:27.514+03:00 DEBUG 19840 --- [coursework] [main] org.hibernate.type.BasicTypeRegistry     : Adding type registration wrapper-characters -> org.hibernate.type.BasicTypeReference@238291d4
2024-12-19T19:22:27.514+03:00 DEBUG 19840 --- [coursework] [main] org.hibernate.type.BasicTypeRegistry     : Adding type registration text -> org.hibernate.type.BasicTypeReference@34edd065
2024-12-19T19:22:27.514+03:00 DEBUG 19840 --- [coursework] [main] org.hibernate.type.BasicTypeRegistry     : Adding type registration ntext -> org.hibernate.type.BasicTypeReference@681e913c
2024-12-19T19:22:27.514+03:00 DEBUG 19840 --- [coursework] [main] org.hibernate.type.BasicTypeRegistry     : Adding type registration clob -> org.hibernate.type.BasicTypeReference@29d070c7
2024-12-19T19:22:27.514+03:00 DEBUG 19840 --- [coursework] [main] org.hibernate.type.BasicTypeRegistry     : Adding type registration java.sql.Clob -> org.hibernate.type.BasicTypeReference@29d070c7
2024-12-19T19:22:27.514+03:00 DEBUG 19840 --- [coursework] [main] org.hibernate.type.BasicTypeRegistry     : Adding type registration nclob -> org.hibernate.type.BasicTypeReference@1eeb5818
2024-12-19T19:22:27.514+03:00 DEBUG 19840 --- [coursework] [main] org.hibernate.type.BasicTypeRegistry     : Adding type registration java.sql.NClob -> org.hibernate.type.BasicTypeReference@1eeb5818
2024-12-19T19:22:27.515+03:00 DEBUG 19840 --- [coursework] [main] org.hibernate.type.BasicTypeRegistry     : Adding type registration materialized_clob -> org.hibernate.type.BasicTypeReference@44dfdd58
2024-12-19T19:22:27.515+03:00 DEBUG 19840 --- [coursework] [main] org.hibernate.type.BasicTypeRegistry     : Adding type registration materialized_clob_char_array -> org.hibernate.type.BasicTypeReference@58d4238e
2024-12-19T19:22:27.515+03:00 DEBUG 19840 --- [coursework] [main] org.hibernate.type.BasicTypeRegistry     : Adding type registration materialized_clob_character_array -> org.hibernate.type.BasicTypeReference@72a8361b
2024-12-19T19:22:27.515+03:00 DEBUG 19840 --- [coursework] [main] org.hibernate.type.BasicTypeRegistry     : Adding type registration materialized_nclob -> org.hibernate.type.BasicTypeReference@36478bce
2024-12-19T19:22:27.515+03:00 DEBUG 19840 --- [coursework] [main] org.hibernate.type.BasicTypeRegistry     : Adding type registration materialized_nclob_character_array -> org.hibernate.type.BasicTypeReference@c48b543
2024-12-19T19:22:27.515+03:00 DEBUG 19840 --- [coursework] [main] org.hibernate.type.BasicTypeRegistry     : Adding type registration materialized_nclob_char_array -> org.hibernate.type.BasicTypeReference@75793f17
2024-12-19T19:22:27.515+03:00 DEBUG 19840 --- [coursework] [main] org.hibernate.type.BasicTypeRegistry     : Adding type registration Duration -> org.hibernate.type.BasicTypeReference@4652c74d
2024-12-19T19:22:27.515+03:00 DEBUG 19840 --- [coursework] [main] org.hibernate.type.BasicTypeRegistry     : Adding type registration java.time.Duration -> org.hibernate.type.BasicTypeReference@4652c74d
2024-12-19T19:22:27.515+03:00 DEBUG 19840 --- [coursework] [main] org.hibernate.type.BasicTypeRegistry     : Adding type registration LocalDateTime -> org.hibernate.type.BasicTypeReference@4cc12db2
2024-12-19T19:22:27.515+03:00 DEBUG 19840 --- [coursework] [main] org.hibernate.type.BasicTypeRegistry     : Adding type registration java.time.LocalDateTime -> org.hibernate.type.BasicTypeReference@4cc12db2
2024-12-19T19:22:27.515+03:00 DEBUG 19840 --- [coursework] [main] org.hibernate.type.BasicTypeRegistry     : Adding type registration LocalDate -> org.hibernate.type.BasicTypeReference@5ea7bc4
2024-12-19T19:22:27.515+03:00 DEBUG 19840 --- [coursework] [main] org.hibernate.type.BasicTypeRegistry     : Adding type registration java.time.LocalDate -> org.hibernate.type.BasicTypeReference@5ea7bc4
2024-12-19T19:22:27.515+03:00 DEBUG 19840 --- [coursework] [main] org.hibernate.type.BasicTypeRegistry     : Adding type registration LocalTime -> org.hibernate.type.BasicTypeReference@39d77de9
2024-12-19T19:22:27.515+03:00 DEBUG 19840 --- [coursework] [main] org.hibernate.type.BasicTypeRegistry     : Adding type registration java.time.LocalTime -> org.hibernate.type.BasicTypeReference@39d77de9
2024-12-19T19:22:27.515+03:00 DEBUG 19840 --- [coursework] [main] org.hibernate.type.BasicTypeRegistry     : Adding type registration OffsetDateTime -> org.hibernate.type.BasicTypeReference@696fad31
2024-12-19T19:22:27.515+03:00 DEBUG 19840 --- [coursework] [main] org.hibernate.type.BasicTypeRegistry     : Adding type registration java.time.OffsetDateTime -> org.hibernate.type.BasicTypeReference@696fad31
2024-12-19T19:22:27.515+03:00 DEBUG 19840 --- [coursework] [main] org.hibernate.type.BasicTypeRegistry     : Adding type registration OffsetDateTimeWithTimezone -> org.hibernate.type.BasicTypeReference@2c06b113
2024-12-19T19:22:27.516+03:00 DEBUG 19840 --- [coursework] [main] org.hibernate.type.BasicTypeRegistry     : Adding type registration OffsetDateTimeWithoutTimezone -> org.hibernate.type.BasicTypeReference@7a64cb0c
2024-12-19T19:22:27.516+03:00 DEBUG 19840 --- [coursework] [main] org.hibernate.type.BasicTypeRegistry     : Adding type registration OffsetTime -> org.hibernate.type.BasicTypeReference@785ed99c
2024-12-19T19:22:27.516+03:00 DEBUG 19840 --- [coursework] [main] org.hibernate.type.BasicTypeRegistry     : Adding type registration java.time.OffsetTime -> org.hibernate.type.BasicTypeReference@785ed99c
2024-12-19T19:22:27.516+03:00 DEBUG 19840 --- [coursework] [main] org.hibernate.type.BasicTypeRegistry     : Adding type registration OffsetTimeUtc -> org.hibernate.type.BasicTypeReference@6c4ce583
2024-12-19T19:22:27.516+03:00 DEBUG 19840 --- [coursework] [main] org.hibernate.type.BasicTypeRegistry     : Adding type registration OffsetTimeWithTimezone -> org.hibernate.type.BasicTypeReference@755b5f30
2024-12-19T19:22:27.516+03:00 DEBUG 19840 --- [coursework] [main] org.hibernate.type.BasicTypeRegistry     : Adding type registration OffsetTimeWithoutTimezone -> org.hibernate.type.BasicTypeReference@29bbc63c
2024-12-19T19:22:27.516+03:00 DEBUG 19840 --- [coursework] [main] org.hibernate.type.BasicTypeRegistry     : Adding type registration ZonedDateTime -> org.hibernate.type.BasicTypeReference@272778ae
2024-12-19T19:22:27.516+03:00 DEBUG 19840 --- [coursework] [main] org.hibernate.type.BasicTypeRegistry     : Adding type registration java.time.ZonedDateTime -> org.hibernate.type.BasicTypeReference@272778ae
2024-12-19T19:22:27.516+03:00 DEBUG 19840 --- [coursework] [main] org.hibernate.type.BasicTypeRegistry     : Adding type registration ZonedDateTimeWithTimezone -> org.hibernate.type.BasicTypeReference@2cccf134
2024-12-19T19:22:27.516+03:00 DEBUG 19840 --- [coursework] [main] org.hibernate.type.BasicTypeRegistry     : Adding type registration ZonedDateTimeWithoutTimezone -> org.hibernate.type.BasicTypeReference@3c18942
2024-12-19T19:22:27.516+03:00 DEBUG 19840 --- [coursework] [main] org.hibernate.type.BasicTypeRegistry     : Adding type registration date -> org.hibernate.type.BasicTypeReference@743c3520
2024-12-19T19:22:27.517+03:00 DEBUG 19840 --- [coursework] [main] org.hibernate.type.BasicTypeRegistry     : Adding type registration java.sql.Date -> org.hibernate.type.BasicTypeReference@743c3520
2024-12-19T19:22:27.517+03:00 DEBUG 19840 --- [coursework] [main] org.hibernate.type.BasicTypeRegistry     : Adding type registration time -> org.hibernate.type.BasicTypeReference@6842c101
2024-12-19T19:22:27.517+03:00 DEBUG 19840 --- [coursework] [main] org.hibernate.type.BasicTypeRegistry     : Adding type registration java.sql.Time -> org.hibernate.type.BasicTypeReference@6842c101
2024-12-19T19:22:27.517+03:00 DEBUG 19840 --- [coursework] [main] org.hibernate.type.BasicTypeRegistry     : Adding type registration timestamp -> org.hibernate.type.BasicTypeReference@234cd86c
2024-12-19T19:22:27.517+03:00 DEBUG 19840 --- [coursework] [main] org.hibernate.type.BasicTypeRegistry     : Adding type registration java.sql.Timestamp -> org.hibernate.type.BasicTypeReference@234cd86c
2024-12-19T19:22:27.517+03:00 DEBUG 19840 --- [coursework] [main] org.hibernate.type.BasicTypeRegistry     : Adding type registration java.util.Date -> org.hibernate.type.BasicTypeReference@234cd86c
2024-12-19T19:22:27.517+03:00 DEBUG 19840 --- [coursework] [main] org.hibernate.type.BasicTypeRegistry     : Adding type registration calendar -> org.hibernate.type.BasicTypeReference@2c48cede
2024-12-19T19:22:27.517+03:00 DEBUG 19840 --- [coursework] [main] org.hibernate.type.BasicTypeRegistry     : Adding type registration java.util.Calendar -> org.hibernate.type.BasicTypeReference@2c48cede
2024-12-19T19:22:27.517+03:00 DEBUG 19840 --- [coursework] [main] org.hibernate.type.BasicTypeRegistry     : Adding type registration java.util.GregorianCalendar -> org.hibernate.type.BasicTypeReference@2c48cede
2024-12-19T19:22:27.517+03:00 DEBUG 19840 --- [coursework] [main] org.hibernate.type.BasicTypeRegistry     : Adding type registration calendar_date -> org.hibernate.type.BasicTypeReference@39c87b42
2024-12-19T19:22:27.517+03:00 DEBUG 19840 --- [coursework] [main] org.hibernate.type.BasicTypeRegistry     : Adding type registration calendar_time -> org.hibernate.type.BasicTypeReference@47fcefb3
2024-12-19T19:22:27.517+03:00 DEBUG 19840 --- [coursework] [main] org.hibernate.type.BasicTypeRegistry     : Adding type registration instant -> org.hibernate.type.BasicTypeReference@236c098
2024-12-19T19:22:27.519+03:00 DEBUG 19840 --- [coursework] [main] org.hibernate.type.BasicTypeRegistry     : Adding type registration java.time.Instant -> org.hibernate.type.BasicTypeReference@236c098
2024-12-19T19:22:27.519+03:00 DEBUG 19840 --- [coursework] [main] org.hibernate.type.BasicTypeRegistry     : Adding type registration uuid -> org.hibernate.type.BasicTypeReference@68e2d03e
2024-12-19T19:22:27.519+03:00 DEBUG 19840 --- [coursework] [main] org.hibernate.type.BasicTypeRegistry     : Adding type registration java.util.UUID -> org.hibernate.type.BasicTypeReference@68e2d03e
2024-12-19T19:22:27.519+03:00 DEBUG 19840 --- [coursework] [main] org.hibernate.type.BasicTypeRegistry     : Adding type registration pg-uuid -> org.hibernate.type.BasicTypeReference@68e2d03e
2024-12-19T19:22:27.519+03:00 DEBUG 19840 --- [coursework] [main] org.hibernate.type.BasicTypeRegistry     : Adding type registration uuid-binary -> org.hibernate.type.BasicTypeReference@120aa40b
2024-12-19T19:22:27.519+03:00 DEBUG 19840 --- [coursework] [main] org.hibernate.type.BasicTypeRegistry     : Adding type registration uuid-char -> org.hibernate.type.BasicTypeReference@32ab408e
2024-12-19T19:22:27.519+03:00 DEBUG 19840 --- [coursework] [main] org.hibernate.type.BasicTypeRegistry     : Adding type registration class -> org.hibernate.type.BasicTypeReference@6ad6443
2024-12-19T19:22:27.519+03:00 DEBUG 19840 --- [coursework] [main] org.hibernate.type.BasicTypeRegistry     : Adding type registration java.lang.Class -> org.hibernate.type.BasicTypeReference@6ad6443
2024-12-19T19:22:27.519+03:00 DEBUG 19840 --- [coursework] [main] org.hibernate.type.BasicTypeRegistry     : Adding type registration currency -> org.hibernate.type.BasicTypeReference@78b03788
2024-12-19T19:22:27.519+03:00 DEBUG 19840 --- [coursework] [main] org.hibernate.type.BasicTypeRegistry     : Adding type registration Currency -> org.hibernate.type.BasicTypeReference@78b03788
2024-12-19T19:22:27.519+03:00 DEBUG 19840 --- [coursework] [main] org.hibernate.type.BasicTypeRegistry     : Adding type registration java.util.Currency -> org.hibernate.type.BasicTypeReference@78b03788
2024-12-19T19:22:27.519+03:00 DEBUG 19840 --- [coursework] [main] org.hibernate.type.BasicTypeRegistry     : Adding type registration locale -> org.hibernate.type.BasicTypeReference@3f5dfe69
2024-12-19T19:22:27.520+03:00 DEBUG 19840 --- [coursework] [main] org.hibernate.type.BasicTypeRegistry     : Adding type registration java.util.Locale -> org.hibernate.type.BasicTypeReference@3f5dfe69
2024-12-19T19:22:27.520+03:00 DEBUG 19840 --- [coursework] [main] org.hibernate.type.BasicTypeRegistry     : Adding type registration serializable -> org.hibernate.type.BasicTypeReference@571a663c
2024-12-19T19:22:27.520+03:00 DEBUG 19840 --- [coursework] [main] org.hibernate.type.BasicTypeRegistry     : Adding type registration java.io.Serializable -> org.hibernate.type.BasicTypeReference@571a663c
2024-12-19T19:22:27.520+03:00 DEBUG 19840 --- [coursework] [main] org.hibernate.type.BasicTypeRegistry     : Adding type registration timezone -> org.hibernate.type.BasicTypeReference@3a788fe0
2024-12-19T19:22:27.520+03:00 DEBUG 19840 --- [coursework] [main] org.hibernate.type.BasicTypeRegistry     : Adding type registration java.util.TimeZone -> org.hibernate.type.BasicTypeReference@3a788fe0
2024-12-19T19:22:27.520+03:00 DEBUG 19840 --- [coursework] [main] org.hibernate.type.BasicTypeRegistry     : Adding type registration ZoneOffset -> org.hibernate.type.BasicTypeReference@430df350
2024-12-19T19:22:27.520+03:00 DEBUG 19840 --- [coursework] [main] org.hibernate.type.BasicTypeRegistry     : Adding type registration java.time.ZoneOffset -> org.hibernate.type.BasicTypeReference@430df350
2024-12-19T19:22:27.520+03:00 DEBUG 19840 --- [coursework] [main] org.hibernate.type.BasicTypeRegistry     : Adding type registration url -> org.hibernate.type.BasicTypeReference@1373e3ee
2024-12-19T19:22:27.520+03:00 DEBUG 19840 --- [coursework] [main] org.hibernate.type.BasicTypeRegistry     : Adding type registration java.net.URL -> org.hibernate.type.BasicTypeReference@1373e3ee
2024-12-19T19:22:27.520+03:00 DEBUG 19840 --- [coursework] [main] org.hibernate.type.BasicTypeRegistry     : Adding type registration vector -> org.hibernate.type.BasicTypeReference@175c5c3a
2024-12-19T19:22:27.521+03:00 DEBUG 19840 --- [coursework] [main] org.hibernate.type.BasicTypeRegistry     : Adding type registration float_vector -> org.hibernate.type.BasicTypeReference@69a5c6be
2024-12-19T19:22:27.521+03:00 DEBUG 19840 --- [coursework] [main] org.hibernate.type.BasicTypeRegistry     : Adding type registration double_vector -> org.hibernate.type.BasicTypeReference@451e2fa9
2024-12-19T19:22:27.521+03:00 DEBUG 19840 --- [coursework] [main] org.hibernate.type.BasicTypeRegistry     : Adding type registration byte_vector -> org.hibernate.type.BasicTypeReference@497ed877
2024-12-19T19:22:27.521+03:00 DEBUG 19840 --- [coursework] [main] org.hibernate.type.BasicTypeRegistry     : Adding type registration row_version -> org.hibernate.type.BasicTypeReference@3cb6e0ee
2024-12-19T19:22:27.527+03:00 DEBUG 19840 --- [coursework] [main] org.hibernate.type.BasicTypeRegistry     : Adding type registration object -> org.hibernate.type.JavaObjectType@33eb0d4
2024-12-19T19:22:27.527+03:00 DEBUG 19840 --- [coursework] [main] org.hibernate.type.BasicTypeRegistry     : Adding type registration java.lang.Object -> org.hibernate.type.JavaObjectType@33eb0d4
2024-12-19T19:22:27.528+03:00 DEBUG 19840 --- [coursework] [main] org.hibernate.type.BasicTypeRegistry     : Adding type registration null -> org.hibernate.type.NullType@325162e9
2024-12-19T19:22:27.529+03:00 DEBUG 19840 --- [coursework] [main] org.hibernate.type.BasicTypeRegistry     : Adding type registration imm_date -> org.hibernate.type.BasicTypeReference@1ee40b5c
2024-12-19T19:22:27.529+03:00 DEBUG 19840 --- [coursework] [main] org.hibernate.type.BasicTypeRegistry     : Adding type registration imm_time -> org.hibernate.type.BasicTypeReference@5c448ef
2024-12-19T19:22:27.529+03:00 DEBUG 19840 --- [coursework] [main] org.hibernate.type.BasicTypeRegistry     : Adding type registration imm_timestamp -> org.hibernate.type.BasicTypeReference@703e8050
2024-12-19T19:22:27.529+03:00 DEBUG 19840 --- [coursework] [main] org.hibernate.type.BasicTypeRegistry     : Adding type registration imm_calendar -> org.hibernate.type.BasicTypeReference@49c1e294
2024-12-19T19:22:27.529+03:00 DEBUG 19840 --- [coursework] [main] org.hibernate.type.BasicTypeRegistry     : Adding type registration imm_calendar_date -> org.hibernate.type.BasicTypeReference@7741ae1b
2024-12-19T19:22:27.529+03:00 DEBUG 19840 --- [coursework] [main] org.hibernate.type.BasicTypeRegistry     : Adding type registration imm_calendar_time -> org.hibernate.type.BasicTypeReference@50e5032c
2024-12-19T19:22:27.529+03:00 DEBUG 19840 --- [coursework] [main] org.hibernate.type.BasicTypeRegistry     : Adding type registration imm_binary -> org.hibernate.type.BasicTypeReference@545d2560
2024-12-19T19:22:27.529+03:00 DEBUG 19840 --- [coursework] [main] org.hibernate.type.BasicTypeRegistry     : Adding type registration imm_serializable -> org.hibernate.type.BasicTypeReference@124eb83d
2024-12-19T19:22:27.817+03:00  INFO 19840 --- [coursework] [main] o.s.o.j.p.SpringPersistenceUnitInfo      : No LoadTimeWeaver setup: ignoring JPA class transformer
2024-12-19T19:22:27.870+03:00  INFO 19840 --- [coursework] [main] com.zaxxer.hikari.HikariDataSource       : HikariPool-1 - Starting...
2024-12-19T19:22:28.235+03:00  INFO 19840 --- [coursework] [main] com.zaxxer.hikari.pool.HikariPool        : HikariPool-1 - Added connection com.mysql.cj.jdbc.ConnectionImpl@4e8afdad
2024-12-19T19:22:28.238+03:00  INFO 19840 --- [coursework] [main] com.zaxxer.hikari.HikariDataSource       : HikariPool-1 - Start completed.
2024-12-19T19:22:28.302+03:00  WARN 19840 --- [coursework] [main] org.hibernate.orm.deprecation            : HHH90000025: MySQL8Dialect does not need to be specified explicitly using 'hibernate.dialect' (remove the property setting and it will be selected by default)
2024-12-19T19:22:28.304+03:00  WARN 19840 --- [coursework] [main] org.hibernate.orm.deprecation            : HHH90000026: MySQL8Dialect has been deprecated; use org.hibernate.dialect.MySQLDialect instead
2024-12-19T19:22:28.322+03:00  INFO 19840 --- [coursework] [main] org.hibernate.orm.connections.pooling    : HHH10001005: Database info:
	Database JDBC URL [Connecting through datasource 'HikariDataSource (HikariPool-1)']
	Database driver: undefined/unknown
	Database version: 8.0
	Autocommit mode: undefined/unknown
	Isolation level: undefined/unknown
	Minimum pool size: undefined/unknown
	Maximum pool size: undefined/unknown
2024-12-19T19:22:28.331+03:00 DEBUG 19840 --- [coursework] [main] o.h.t.d.sql.spi.DdlTypeRegistry          : addDescriptor(12, org.hibernate.type.descriptor.sql.internal.CapacityDependentDdlType@1dd44289) replaced previous registration(org.hibernate.type.descriptor.sql.internal.CapacityDependentDdlType@6cc56b32)
2024-12-19T19:22:28.331+03:00 DEBUG 19840 --- [coursework] [main] o.h.t.d.sql.spi.DdlTypeRegistry          : addDescriptor(-9, org.hibernate.type.descriptor.sql.internal.CapacityDependentDdlType@43fe2008) replaced previous registration(org.hibernate.type.descriptor.sql.internal.CapacityDependentDdlType@552bee2f)
2024-12-19T19:22:28.332+03:00 DEBUG 19840 --- [coursework] [main] o.h.t.d.sql.spi.DdlTypeRegistry          : addDescriptor(-3, org.hibernate.type.descriptor.sql.internal.CapacityDependentDdlType@6a543e09) replaced previous registration(org.hibernate.type.descriptor.sql.internal.CapacityDependentDdlType@2d0f548a)
2024-12-19T19:22:28.332+03:00 DEBUG 19840 --- [coursework] [main] o.h.t.d.sql.spi.DdlTypeRegistry          : addDescriptor(4003, org.hibernate.type.descriptor.sql.internal.DdlTypeImpl@1fc3df43) replaced previous registration(org.hibernate.type.descriptor.sql.internal.DdlTypeImpl@15130002)
2024-12-19T19:22:28.332+03:00 DEBUG 19840 --- [coursework] [main] o.h.t.d.sql.spi.DdlTypeRegistry          : addDescriptor(4001, org.hibernate.type.descriptor.sql.internal.DdlTypeImpl@5e7cd0df) replaced previous registration(org.hibernate.type.descriptor.sql.internal.DdlTypeImpl@900649e)
2024-12-19T19:22:28.332+03:00 DEBUG 19840 --- [coursework] [main] o.h.t.d.sql.spi.DdlTypeRegistry          : addDescriptor(4002, org.hibernate.type.descriptor.sql.internal.DdlTypeImpl@8b89b3a) replaced previous registration(org.hibernate.type.descriptor.sql.internal.DdlTypeImpl@526893f)
2024-12-19T19:22:28.332+03:00 DEBUG 19840 --- [coursework] [main] o.h.t.d.sql.spi.DdlTypeRegistry          : addDescriptor(2004, org.hibernate.type.descriptor.sql.internal.CapacityDependentDdlType@3de45b6c) replaced previous registration(org.hibernate.type.descriptor.sql.internal.DdlTypeImpl@37caecda)
2024-12-19T19:22:28.332+03:00 DEBUG 19840 --- [coursework] [main] o.h.t.d.sql.spi.DdlTypeRegistry          : addDescriptor(2005, org.hibernate.type.descriptor.sql.internal.CapacityDependentDdlType@7be7c052) replaced previous registration(org.hibernate.type.descriptor.sql.internal.DdlTypeImpl@4ab9d160)
2024-12-19T19:22:28.332+03:00 DEBUG 19840 --- [coursework] [main] o.h.t.d.sql.spi.DdlTypeRegistry          : addDescriptor(2011, org.hibernate.type.descriptor.sql.internal.CapacityDependentDdlType@5599dc60) replaced previous registration(org.hibernate.type.descriptor.sql.internal.DdlTypeImpl@35554635)
2024-12-19T19:22:28.334+03:00 DEBUG 19840 --- [coursework] [main] o.h.t.d.jdbc.spi.JdbcTypeRegistry        : addDescriptor(NCharTypeDescriptor) replaced previous registration(CharTypeDescriptor)
2024-12-19T19:22:28.334+03:00 DEBUG 19840 --- [coursework] [main] o.h.t.d.jdbc.spi.JdbcTypeRegistry        : addDescriptor(NVarcharTypeDescriptor) replaced previous registration(VarcharTypeDescriptor)
2024-12-19T19:22:28.335+03:00 DEBUG 19840 --- [coursework] [main] o.h.t.d.jdbc.spi.JdbcTypeRegistry        : addDescriptor(LongNVarcharTypeDescriptor) replaced previous registration(LongVarcharTypeDescriptor)
2024-12-19T19:22:28.339+03:00 DEBUG 19840 --- [coursework] [main] o.h.t.d.jdbc.spi.JdbcTypeRegistry        : addDescriptor(NClobTypeDescriptor(DEFAULT)) replaced previous registration(ClobTypeDescriptor(DEFAULT))
2024-12-19T19:22:28.341+03:00 DEBUG 19840 --- [coursework] [main] org.hibernate.type.BasicTypeRegistry     : Adding type registration null -> org.hibernate.type.NullType@4470106b
2024-12-19T19:22:28.342+03:00 DEBUG 19840 --- [coursework] [main] org.hibernate.type.BasicTypeRegistry     : Type registration key [null] overrode previous entry : `org.hibernate.type.NullType@325162e9`
2024-12-19T19:22:28.346+03:00 DEBUG 19840 --- [coursework] [main] org.hibernate.type.BasicTypeRegistry     : Adding type registration org.hibernate.type.DurationType -> basicType@1(java.time.Duration,3015)
2024-12-19T19:22:28.346+03:00 DEBUG 19840 --- [coursework] [main] org.hibernate.type.BasicTypeRegistry     : Adding type registration Duration -> basicType@1(java.time.Duration,3015)
2024-12-19T19:22:28.346+03:00 DEBUG 19840 --- [coursework] [main] org.hibernate.type.BasicTypeRegistry     : Adding type registration java.time.Duration -> basicType@1(java.time.Duration,3015)
2024-12-19T19:22:28.350+03:00 DEBUG 19840 --- [coursework] [main] org.hibernate.type.BasicTypeRegistry     : Adding type registration org.hibernate.type.OffsetDateTimeType -> basicType@2(java.time.OffsetDateTime,3003)
2024-12-19T19:22:28.350+03:00 DEBUG 19840 --- [coursework] [main] org.hibernate.type.BasicTypeRegistry     : Adding type registration OffsetDateTime -> basicType@2(java.time.OffsetDateTime,3003)
2024-12-19T19:22:28.351+03:00 DEBUG 19840 --- [coursework] [main] org.hibernate.type.BasicTypeRegistry     : Adding type registration java.time.OffsetDateTime -> basicType@2(java.time.OffsetDateTime,3003)
2024-12-19T19:22:28.351+03:00 DEBUG 19840 --- [coursework] [main] org.hibernate.type.BasicTypeRegistry     : Adding type registration org.hibernate.type.ZonedDateTimeType -> basicType@3(java.time.ZonedDateTime,3003)
2024-12-19T19:22:28.351+03:00 DEBUG 19840 --- [coursework] [main] org.hibernate.type.BasicTypeRegistry     : Adding type registration ZonedDateTime -> basicType@3(java.time.ZonedDateTime,3003)
2024-12-19T19:22:28.351+03:00 DEBUG 19840 --- [coursework] [main] org.hibernate.type.BasicTypeRegistry     : Adding type registration java.time.ZonedDateTime -> basicType@3(java.time.ZonedDateTime,3003)
2024-12-19T19:22:28.351+03:00 DEBUG 19840 --- [coursework] [main] org.hibernate.type.BasicTypeRegistry     : Adding type registration org.hibernate.type.OffsetTimeType -> basicType@4(java.time.OffsetTime,3007)
2024-12-19T19:22:28.352+03:00 DEBUG 19840 --- [coursework] [main] org.hibernate.type.BasicTypeRegistry     : Adding type registration OffsetTime -> basicType@4(java.time.OffsetTime,3007)
2024-12-19T19:22:28.352+03:00 DEBUG 19840 --- [coursework] [main] org.hibernate.type.BasicTypeRegistry     : Adding type registration java.time.OffsetTime -> basicType@4(java.time.OffsetTime,3007)
2024-12-19T19:22:28.353+03:00 DEBUG 19840 --- [coursework] [main] o.h.type.spi.TypeConfiguration$Scope     : Scoping TypeConfiguration [org.hibernate.type.spi.TypeConfiguration@53fbb2b4] to MetadataBuildingContext [org.hibernate.boot.internal.MetadataBuildingContextRootImpl@7434ee13]
2024-12-19T19:22:29.392+03:00  INFO 19840 --- [coursework] [main] o.h.e.t.j.p.i.JtaPlatformInitiator       : HHH000489: No JTA platform available (set 'hibernate.transaction.jta.platform' to enable JTA platform integration)
2024-12-19T19:22:29.393+03:00 DEBUG 19840 --- [coursework] [main] o.h.type.spi.TypeConfiguration$Scope     : Scoping TypeConfiguration [org.hibernate.type.spi.TypeConfiguration@53fbb2b4] to SessionFactoryImplementor [org.hibernate.internal.SessionFactoryImpl@62ff14cd]
2024-12-19T19:22:29.466+03:00 DEBUG 19840 --- [coursework] [main] org.hibernate.SQL                        : alter table films modify column image varbinary(255)
2024-12-19T19:22:29.910+03:00  WARN 19840 --- [coursework] [main] o.h.t.s.i.ExceptionHandlerLoggedImpl     : GenerationTarget encountered exception accepting command : Error executing DDL "alter table films modify column image varbinary(255)" via JDBC [Data truncation: Data too long for column 'image' at row 1]

org.hibernate.tool.schema.spi.CommandAcceptanceException: Error executing DDL "alter table films modify column image varbinary(255)" via JDBC [Data truncation: Data too long for column 'image' at row 1]
	at org.hibernate.tool.schema.internal.exec.GenerationTargetToDatabase.accept(GenerationTargetToDatabase.java:94) ~[hibernate-core-6.6.2.Final.jar:6.6.2.Final]
	at org.hibernate.tool.schema.internal.AbstractSchemaMigrator.applySqlString(AbstractSchemaMigrator.java:576) ~[hibernate-core-6.6.2.Final.jar:6.6.2.Final]
	at org.hibernate.tool.schema.internal.AbstractSchemaMigrator.applySqlStrings(AbstractSchemaMigrator.java:516) ~[hibernate-core-6.6.2.Final.jar:6.6.2.Final]
	at org.hibernate.tool.schema.internal.AbstractSchemaMigrator.migrateTable(AbstractSchemaMigrator.java:334) ~[hibernate-core-6.6.2.Final.jar:6.6.2.Final]
	at org.hibernate.tool.schema.internal.GroupedSchemaMigratorImpl.performTablesMigration(GroupedSchemaMigratorImpl.java:84) ~[hibernate-core-6.6.2.Final.jar:6.6.2.Final]
	at org.hibernate.tool.schema.internal.AbstractSchemaMigrator.performMigration(AbstractSchemaMigrator.java:233) ~[hibernate-core-6.6.2.Final.jar:6.6.2.Final]
	at org.hibernate.tool.schema.internal.AbstractSchemaMigrator.doMigration(AbstractSchemaMigrator.java:112) ~[hibernate-core-6.6.2.Final.jar:6.6.2.Final]
	at org.hibernate.tool.schema.spi.SchemaManagementToolCoordinator.performDatabaseAction(SchemaManagementToolCoordinator.java:280) ~[hibernate-core-6.6.2.Final.jar:6.6.2.Final]
	at org.hibernate.tool.schema.spi.SchemaManagementToolCoordinator.lambda$process$5(SchemaManagementToolCoordinator.java:144) ~[hibernate-core-6.6.2.Final.jar:6.6.2.Final]
	at java.base/java.util.HashMap.forEach(HashMap.java:1429) ~[na:na]
	at org.hibernate.tool.schema.spi.SchemaManagementToolCoordinator.process(SchemaManagementToolCoordinator.java:141) ~[hibernate-core-6.6.2.Final.jar:6.6.2.Final]
	at org.hibernate.boot.internal.SessionFactoryObserverForSchemaExport.sessionFactoryCreated(SessionFactoryObserverForSchemaExport.java:37) ~[hibernate-core-6.6.2.Final.jar:6.6.2.Final]
	at org.hibernate.internal.SessionFactoryObserverChain.sessionFactoryCreated(SessionFactoryObserverChain.java:35) ~[hibernate-core-6.6.2.Final.jar:6.6.2.Final]
	at org.hibernate.internal.SessionFactoryImpl.<init>(SessionFactoryImpl.java:324) ~[hibernate-core-6.6.2.Final.jar:6.6.2.Final]
	at org.hibernate.boot.internal.SessionFactoryBuilderImpl.build(SessionFactoryBuilderImpl.java:463) ~[hibernate-core-6.6.2.Final.jar:6.6.2.Final]
	at org.hibernate.jpa.boot.internal.EntityManagerFactoryBuilderImpl.build(EntityManagerFactoryBuilderImpl.java:1506) ~[hibernate-core-6.6.2.Final.jar:6.6.2.Final]
	at org.springframework.orm.jpa.vendor.SpringHibernateJpaPersistenceProvider.createContainerEntityManagerFactory(SpringHibernateJpaPersistenceProvider.java:66) ~[spring-orm-6.2.0.jar:6.2.0]
	at org.springframework.orm.jpa.LocalContainerEntityManagerFactoryBean.createNativeEntityManagerFactory(LocalContainerEntityManagerFactoryBean.java:390) ~[spring-orm-6.2.0.jar:6.2.0]
	at org.springframework.orm.jpa.AbstractEntityManagerFactoryBean.buildNativeEntityManagerFactory(AbstractEntityManagerFactoryBean.java:419) ~[spring-orm-6.2.0.jar:6.2.0]
	at org.springframework.orm.jpa.AbstractEntityManagerFactoryBean.afterPropertiesSet(AbstractEntityManagerFactoryBean.java:400) ~[spring-orm-6.2.0.jar:6.2.0]
	at org.springframework.orm.jpa.LocalContainerEntityManagerFactoryBean.afterPropertiesSet(LocalContainerEntityManagerFactoryBean.java:366) ~[spring-orm-6.2.0.jar:6.2.0]
	at org.springframework.beans.factory.support.AbstractAutowireCapableBeanFactory.invokeInitMethods(AbstractAutowireCapableBeanFactory.java:1849) ~[spring-beans-6.2.0.jar:6.2.0]
	at org.springframework.beans.factory.support.AbstractAutowireCapableBeanFactory.initializeBean(AbstractAutowireCapableBeanFactory.java:1798) ~[spring-beans-6.2.0.jar:6.2.0]
	at org.springframework.beans.factory.support.AbstractAutowireCapableBeanFactory.doCreateBean(AbstractAutowireCapableBeanFactory.java:601) ~[spring-beans-6.2.0.jar:6.2.0]
	at org.springframework.beans.factory.support.AbstractAutowireCapableBeanFactory.createBean(AbstractAutowireCapableBeanFactory.java:523) ~[spring-beans-6.2.0.jar:6.2.0]
	at org.springframework.beans.factory.support.AbstractBeanFactory.lambda$doGetBean$0(AbstractBeanFactory.java:336) ~[spring-beans-6.2.0.jar:6.2.0]
	at org.springframework.beans.factory.support.DefaultSingletonBeanRegistry.getSingleton(DefaultSingletonBeanRegistry.java:288) ~[spring-beans-6.2.0.jar:6.2.0]
	at org.springframework.beans.factory.support.AbstractBeanFactory.doGetBean(AbstractBeanFactory.java:334) ~[spring-beans-6.2.0.jar:6.2.0]
	at org.springframework.beans.factory.support.AbstractBeanFactory.getBean(AbstractBeanFactory.java:204) ~[spring-beans-6.2.0.jar:6.2.0]
	at org.springframework.context.support.AbstractApplicationContext.finishBeanFactoryInitialization(AbstractApplicationContext.java:970) ~[spring-context-6.2.0.jar:6.2.0]
	at org.springframework.context.support.AbstractApplicationContext.refresh(AbstractApplicationContext.java:627) ~[spring-context-6.2.0.jar:6.2.0]
	at org.springframework.boot.web.servlet.context.ServletWebServerApplicationContext.refresh(ServletWebServerApplicationContext.java:146) ~[spring-boot-3.4.0.jar:3.4.0]
	at org.springframework.boot.SpringApplication.refresh(SpringApplication.java:752) ~[spring-boot-3.4.0.jar:3.4.0]
	at org.springframework.boot.SpringApplication.refreshContext(SpringApplication.java:439) ~[spring-boot-3.4.0.jar:3.4.0]
	at org.springframework.boot.SpringApplication.run(SpringApplication.java:318) ~[spring-boot-3.4.0.jar:3.4.0]
	at org.springframework.boot.SpringApplication.run(SpringApplication.java:1361) ~[spring-boot-3.4.0.jar:3.4.0]
	at org.springframework.boot.SpringApplication.run(SpringApplication.java:1350) ~[spring-boot-3.4.0.jar:3.4.0]
	at com.example.coursework.CourseworkApplication.main(CourseworkApplication.java:10) ~[main/:na]
Caused by: com.mysql.cj.jdbc.exceptions.MysqlDataTruncation: Data truncation: Data too long for column 'image' at row 1
	at com.mysql.cj.jdbc.exceptions.SQLExceptionsMapping.translateException(SQLExceptionsMapping.java:96) ~[mysql-connector-j-9.1.0.jar:9.1.0]
	at com.mysql.cj.jdbc.StatementImpl.executeInternal(StatementImpl.java:837) ~[mysql-connector-j-9.1.0.jar:9.1.0]
	at com.mysql.cj.jdbc.StatementImpl.execute(StatementImpl.java:685) ~[mysql-connector-j-9.1.0.jar:9.1.0]
	at com.zaxxer.hikari.pool.ProxyStatement.execute(ProxyStatement.java:94) ~[HikariCP-5.1.0.jar:na]
	at com.zaxxer.hikari.pool.HikariProxyStatement.execute(HikariProxyStatement.java) ~[HikariCP-5.1.0.jar:na]
	at org.hibernate.tool.schema.internal.exec.GenerationTargetToDatabase.accept(GenerationTargetToDatabase.java:80) ~[hibernate-core-6.6.2.Final.jar:6.6.2.Final]
	... 37 common frames omitted

2024-12-19T19:22:29.919+03:00 TRACE 19840 --- [coursework] [main] o.h.type.spi.TypeConfiguration$Scope     : Handling #sessionFactoryCreated from [org.hibernate.internal.SessionFactoryImpl@62ff14cd] for TypeConfiguration
2024-12-19T19:22:29.919+03:00  INFO 19840 --- [coursework] [main] j.LocalContainerEntityManagerFactoryBean : Initialized JPA EntityManagerFactory for persistence unit 'default'
2024-12-19T19:22:30.258+03:00  INFO 19840 --- [coursework] [main] o.s.d.j.r.query.QueryEnhancerFactory     : Hibernate is in classpath; If applicable, HQL parser will be used.
2024-12-19T19:22:31.204+03:00  WARN 19840 --- [coursework] [main] JpaBaseConfiguration$JpaWebConfiguration : spring.jpa.open-in-view is enabled by default. Therefore, database queries may be performed during view rendering. Explicitly configure spring.jpa.open-in-view to disable this warning
2024-12-19T19:22:31.238+03:00  INFO 19840 --- [coursework] [main] eAuthenticationProviderManagerConfigurer : Global AuthenticationManager configured with AuthenticationProvider bean with name authenticationProvider
2024-12-19T19:22:31.240+03:00  WARN 19840 --- [coursework] [main] r$InitializeUserDetailsManagerConfigurer : Global AuthenticationManager configured with an AuthenticationProvider bean. UserDetailsService beans will not be used by Spring Security for automatically configuring username/password login. Consider removing the AuthenticationProvider bean. Alternatively, consider using the UserDetailsService in a manually instantiated DaoAuthenticationProvider. If the current configuration is intentional, to turn off this warning, increase the logging level of 'org.springframework.security.config.annotation.authentication.configuration.InitializeUserDetailsBeanManagerConfigurer' to ERROR
2024-12-19T19:22:31.338+03:00  INFO 19840 --- [coursework] [main] o.s.b.a.w.s.WelcomePageHandlerMapping    : Adding welcome page template: index
2024-12-19T19:22:31.874+03:00  INFO 19840 --- [coursework] [main] o.s.b.w.embedded.tomcat.TomcatWebServer  : Tomcat started on port 8080 (http) with context path '/'
2024-12-19T19:22:31.881+03:00  INFO 19840 --- [coursework] [main] c.e.coursework.CourseworkApplication     : Started CourseworkApplication in 7.123 seconds (process running for 8.464)
2024-12-19T19:24:53.908+03:00  INFO 19840 --- [coursework] [http-nio-8080-exec-1] o.a.c.c.C.[Tomcat].[localhost].[/]       : Initializing Spring DispatcherServlet 'dispatcherServlet'
2024-12-19T19:24:53.908+03:00  INFO 19840 --- [coursework] [http-nio-8080-exec-1] o.s.web.servlet.DispatcherServlet        : Initializing Servlet 'dispatcherServlet'
2024-12-19T19:24:53.909+03:00  INFO 19840 --- [coursework] [http-nio-8080-exec-1] o.s.web.servlet.DispatcherServlet        : Completed initialization in 1 ms
2024-12-19T19:24:54.087+03:00 DEBUG 19840 --- [coursework] [http-nio-8080-exec-1] org.hibernate.SQL                        : select f1_0.id,f1_0.description,f1_0.director,f1_0.filmname,f1_0.image,f1_0.year from films f1_0
2024-12-19T19:24:57.590+03:00 DEBUG 19840 --- [coursework] [http-nio-8080-exec-6] org.hibernate.SQL                        : select s1_0.id,s1_0.dateofsessions,s1_0.filmname,s1_0.price,s1_0.quantity from sessions s1_0
2024-12-19T19:24:59.218+03:00 DEBUG 19840 --- [coursework] [http-nio-8080-exec-5] org.hibernate.SQL                        : select b1_0.id,b1_0.filmname,b1_0.price,b1_0.username from basket b1_0
2024-12-19T19:25:04.073+03:00 DEBUG 19840 --- [coursework] [http-nio-8080-exec-7] org.hibernate.SQL                        : select m1_0.id,m1_0.email,m1_0.password,m1_0.role,m1_0.username from myappuser m1_0 where m1_0.username=?
2024-12-19T19:25:04.075+03:00 TRACE 19840 --- [coursework] [http-nio-8080-exec-7] org.hibernate.orm.jdbc.bind              : binding parameter (1:VARCHAR) <- [diana]
2024-12-19T19:25:04.172+03:00 DEBUG 19840 --- [coursework] [http-nio-8080-exec-8] org.hibernate.SQL                        : select f1_0.id,f1_0.description,f1_0.director,f1_0.filmname,f1_0.image,f1_0.year from films f1_0
2024-12-19T19:25:05.701+03:00 DEBUG 19840 --- [coursework] [http-nio-8080-exec-9] org.hibernate.SQL                        : select f1_0.id,f1_0.description,f1_0.director,f1_0.filmname,f1_0.image,f1_0.year from films f1_0 where f1_0.id=?
2024-12-19T19:25:05.702+03:00 TRACE 19840 --- [coursework] [http-nio-8080-exec-9] org.hibernate.orm.jdbc.bind              : binding parameter (1:BIGINT) <- [2]
2024-12-19T19:25:09.742+03:00 DEBUG 19840 --- [coursework] [http-nio-8080-exec-10] org.hibernate.SQL                        : select b1_0.id,b1_0.filmname,b1_0.price,b1_0.username from basket b1_0
2024-12-19T19:25:10.946+03:00 DEBUG 19840 --- [coursework] [http-nio-8080-exec-3] org.hibernate.SQL                        : select s1_0.id,s1_0.dateofsessions,s1_0.filmname,s1_0.price,s1_0.quantity from sessions s1_0
2024-12-19T19:25:14.857+03:00 DEBUG 19840 --- [coursework] [http-nio-8080-exec-2] org.hibernate.SQL                        : select s1_0.id,s1_0.dateofsessions,s1_0.filmname,s1_0.price,s1_0.quantity from sessions s1_0
2024-12-19T19:25:17.851+03:00 DEBUG 19840 --- [coursework] [http-nio-8080-exec-7] org.hibernate.SQL                        : select f1_0.id,f1_0.description,f1_0.director,f1_0.filmname,f1_0.image,f1_0.year from films f1_0
2024-12-19T19:25:20.826+03:00  INFO 19840 --- [coursework] [SpringApplicationShutdownHook] o.s.b.w.e.tomcat.GracefulShutdown        : Commencing graceful shutdown. Waiting for active requests to complete
2024-12-19T19:25:20.830+03:00  INFO 19840 --- [coursework] [tomcat-shutdown] o.s.b.w.e.tomcat.GracefulShutdown        : Graceful shutdown complete
2024-12-19T19:25:20.834+03:00  INFO 19840 --- [coursework] [SpringApplicationShutdownHook] j.LocalContainerEntityManagerFactoryBean : Closing JPA EntityManagerFactory for persistence unit 'default'
2024-12-19T19:25:20.834+03:00 TRACE 19840 --- [coursework] [SpringApplicationShutdownHook] o.h.type.spi.TypeConfiguration$Scope     : Handling #sessionFactoryClosed from [org.hibernate.internal.SessionFactoryImpl@62ff14cd] for TypeConfiguration
2024-12-19T19:25:20.834+03:00 DEBUG 19840 --- [coursework] [SpringApplicationShutdownHook] o.h.type.spi.TypeConfiguration$Scope     : Un-scoping TypeConfiguration [org.hibernate.type.spi.TypeConfiguration$Scope@6f22649c] from SessionFactory [org.hibernate.internal.SessionFactoryImpl@62ff14cd]
2024-12-19T19:25:20.836+03:00  INFO 19840 --- [coursework] [SpringApplicationShutdownHook] com.zaxxer.hikari.HikariDataSource       : HikariPool-1 - Shutdown initiated...
2024-12-19T19:25:20.844+03:00  INFO 19840 --- [coursework] [SpringApplicationShutdownHook] com.zaxxer.hikari.HikariDataSource       : HikariPool-1 - Shutdown completed.
